==129117== Memcheck, a memory error detector
==129117== Copyright (C) 2002-2017, and GNU GPL'd, by Julian Seward et al.
==129117== Using Valgrind-3.18.1 and LibVEX; rerun with -h for copyright info
==129117== Command: ./philo 4 310 200 100 2
==129117== 
==129117== 
==129117== Process terminating with default action of signal 15 (SIGTERM)
==129117==    at 0x49587F6: clock_nanosleep@@GLIBC_2.17 (clock_nanosleep.c:78)
==129117==    by 0x495D676: nanosleep (nanosleep.c:25)
==129117==    by 0x498EF2E: usleep (usleep.c:31)
==129117==    by 0x109ED4: ft_usleep (utils.c:35)
==129117==    by 0x10962E: philo_sleep (action.c:69)
==129117==    by 0x1098F7: routine (init.c:66)
==129117==    by 0x4907AC2: start_thread (pthread_create.c:442)
==129117==    by 0x4998A03: clone (clone.S:100)
==129117== 
==129117== HEAP SUMMARY:
==129117==     in use at exit: 5,656 bytes in 10 blocks
==129117==   total heap usage: 10 allocs, 0 frees, 5,656 bytes allocated
==129117== 
==129117== 1,088 bytes in 4 blocks are possibly lost in loss record 6 of 7
==129117==    at 0x484DA83: calloc (in /usr/libexec/valgrind/vgpreload_memcheck-amd64-linux.so)
==129117==    by 0x40147D9: calloc (rtld-malloc.h:44)
==129117==    by 0x40147D9: allocate_dtv (dl-tls.c:375)
==129117==    by 0x40147D9: _dl_allocate_tls (dl-tls.c:634)
==129117==    by 0x49087B4: allocate_stack (allocatestack.c:430)
==129117==    by 0x49087B4: pthread_create@@GLIBC_2.34 (pthread_create.c:647)
==129117==    by 0x109AA2: init_philo (init.c:91)
==129117==    by 0x10A498: main (main.c:80)
==129117== 
==129117== LEAK SUMMARY:
==129117==    definitely lost: 0 bytes in 0 blocks
==129117==    indirectly lost: 0 bytes in 0 blocks
==129117==      possibly lost: 1,088 bytes in 4 blocks
==129117==    still reachable: 4,568 bytes in 6 blocks
==129117==         suppressed: 0 bytes in 0 blocks
==129117== Reachable blocks (those to which a pointer was found) are not shown.
==129117== To see them, rerun with: --leak-check=full --show-leak-kinds=all
==129117== 
==129117== For lists of detected and suppressed errors, rerun with: -s
==129117== ERROR SUMMARY: 7 errors from 7 contexts (suppressed: 0 from 0)
